<?xml version="1.0" encoding="UTF-8"?>
<!-- Generated by org.testng.reporters.JUnitReportReporter -->
<testsuite hostname="Arockiasamys-MacBook-Pro.local" failures="0" tests="8" name="api.test.DDForUserTests" time="4.409" errors="0" timestamp="2023-03-30T16:25:35 PDT" skipped="0">
  <testcase classname="api.test.DDForUserTests" name="createUserTest" time="0.430"/>
  <system-out/>
  <testcase classname="api.test.DDForUserTests" name="deleteUserTest" time="0.418"/>
  <system-out/>
  <testcase classname="api.test.DDForUserTests" name="deleteUserTest" time="0.422"/>
  <system-out/>
  <testcase classname="api.test.DDForUserTests" name="createUserTest" time="1.455"/>
  <system-out/>
  <testcase classname="api.test.DDForUserTests" name="createUserTest" time="0.421"/>
  <system-out/>
  <testcase classname="api.test.DDForUserTests" name="createUserTest" time="0.419"/>
  <system-out/>
  <testcase classname="api.test.DDForUserTests" name="deleteUserTest" time="0.426"/>
  <system-out/>
  <testcase classname="api.test.DDForUserTests" name="deleteUserTest" time="0.418"/>
  <system-out/>
</testsuite> <!-- api.test.DDForUserTests -->
