<?xml version="1.0" encoding="UTF-8"?>
<!-- Generated by org.testng.reporters.JUnitReportReporter -->
<testsuite hostname="Arockiasamys-MacBook-Pro.local" failures="0" tests="4" name="api.test.UserTests2FromProperties" time="3.175" errors="0" timestamp="2023-03-30T21:58:33 PDT" skipped="0">
  <testcase classname="api.test.UserTests2FromProperties" name="createUserTest" time="1.505"/>
  <system-out/>
  <testcase classname="api.test.UserTests2FromProperties" name="getUserTest" time="0.435"/>
  <system-out/>
  <testcase classname="api.test.UserTests2FromProperties" name="updateUserTest" time="0.824"/>
  <system-out/>
  <testcase classname="api.test.UserTests2FromProperties" name="deleteUser" time="0.411"/>
  <system-out/>
</testsuite> <!-- api.test.UserTests2FromProperties -->
