<?xml version="1.0" encoding="UTF-8"?>
<!-- Generated by org.testng.reporters.JUnitReportReporter -->
<testsuite hostname="Arockiasamys-MacBook-Pro.local" failures="0" tests="4" name="api.test.UserTests" time="2.096" errors="0" timestamp="2023-03-30T17:47:54 PDT" skipped="0">
  <testcase classname="api.test.UserTests" name="createUserTest" time="0.424"/>
  <system-out/>
  <testcase classname="api.test.UserTests" name="getUserTest" time="0.422"/>
  <system-out/>
  <testcase classname="api.test.UserTests" name="updateUserTest" time="0.835"/>
  <system-out/>
  <testcase classname="api.test.UserTests" name="deleteUser" time="0.415"/>
  <system-out/>
</testsuite> <!-- api.test.UserTests -->
