<?xml version="1.0" encoding="UTF-8"?>
<!-- Generated by org.testng.reporters.JUnitReportReporter -->
<testsuite hostname="Arockiasamys-MacBook-Pro.local" failures="0" tests="4" name="api.test.UserTests" time="2.043" errors="0" timestamp="2023-03-30T22:27:00 PDT" skipped="0">
  <testcase classname="api.test.UserTests" name="createUserTest" time="0.405"/>
  <system-out/>
  <testcase classname="api.test.UserTests" name="getUserTest" time="0.413"/>
  <system-out/>
  <testcase classname="api.test.UserTests" name="updateUserTest" time="0.819"/>
  <system-out/>
  <testcase classname="api.test.UserTests" name="deleteUser" time="0.406"/>
  <system-out/>
</testsuite> <!-- api.test.UserTests -->
