<?xml version="1.0" encoding="UTF-8"?>
<!-- Generated by org.testng.reporters.JUnitReportReporter -->
<testsuite hostname="Arockiasamys-MacBook-Pro.local" failures="0" tests="8" name="api.test.DDForUserTests" time="4.455" errors="0" timestamp="2023-03-30T22:27:00 PDT" skipped="0">
  <testcase classname="api.test.DDForUserTests" name="createUserTest" time="1.559"/>
  <system-out/>
  <testcase classname="api.test.DDForUserTests" name="createUserTest" time="0.413"/>
  <system-out/>
  <testcase classname="api.test.DDForUserTests" name="deleteUserTest" time="0.420"/>
  <system-out/>
  <testcase classname="api.test.DDForUserTests" name="deleteUserTest" time="0.409"/>
  <system-out/>
  <testcase classname="api.test.DDForUserTests" name="deleteUserTest" time="0.412"/>
  <system-out/>
  <testcase classname="api.test.DDForUserTests" name="createUserTest" time="0.414"/>
  <system-out/>
  <testcase classname="api.test.DDForUserTests" name="deleteUserTest" time="0.412"/>
  <system-out/>
  <testcase classname="api.test.DDForUserTests" name="createUserTest" time="0.416"/>
  <system-out/>
</testsuite> <!-- api.test.DDForUserTests -->
